::1 - - [02/Dec/2019:12:16:49 +0000] "GET / HTTP/1.1" 200 7 "-" "Mozilla/5.0 (Windows NT 10.0; Win64; x64) AppleWebKit/537.36 (KHTML, like Gecko) Chrome/78.0.3904.108 Safari/537.36"
::1 - - [02/Dec/2019:12:16:56 +0000] "GET /favicon.ico HTTP/1.1" 200 7 "http://localhost:3000/" "Mozilla/5.0 (Windows NT 10.0; Win64; x64) AppleWebKit/537.36 (KHTML, like Gecko) Chrome/78.0.3904.108 Safari/537.36"
::1 - - [02/Dec/2019:12:16:58 +0000] "GET / HTTP/1.1" 304 - "-" "Mozilla/5.0 (Windows NT 10.0; Win64; x64) AppleWebKit/537.36 (KHTML, like Gecko) Chrome/78.0.3904.108 Safari/537.36"
::1 - - [02/Dec/2019:12:16:58 +0000] "GET /favicon.ico HTTP/1.1" 200 7 "http://localhost:3000/" "Mozilla/5.0 (Windows NT 10.0; Win64; x64) AppleWebKit/537.36 (KHTML, like Gecko) Chrome/78.0.3904.108 Safari/537.36"
::1 - - [02/Dec/2019:12:18:06 +0000] "GET / HTTP/1.1" 304 - "-" "Mozilla/5.0 (Windows NT 10.0; Win64; x64) AppleWebKit/537.36 (KHTML, like Gecko) Chrome/78.0.3904.108 Safari/537.36"
::1 - - [02/Dec/2019:12:18:06 +0000] "GET /favicon.ico HTTP/1.1" 200 7 "http://localhost:3000/" "Mozilla/5.0 (Windows NT 10.0; Win64; x64) AppleWebKit/537.36 (KHTML, like Gecko) Chrome/78.0.3904.108 Safari/537.36"
::1 - - [02/Dec/2019:12:20:16 +0000] "GET / HTTP/1.1" 304 - "-" "Mozilla/5.0 (Windows NT 10.0; Win64; x64) AppleWebKit/537.36 (KHTML, like Gecko) Chrome/78.0.3904.108 Safari/537.36"
::1 - - [02/Dec/2019:12:20:16 +0000] "GET /favicon.ico HTTP/1.1" 200 7 "http://localhost:3000/" "Mozilla/5.0 (Windows NT 10.0; Win64; x64) AppleWebKit/537.36 (KHTML, like Gecko) Chrome/78.0.3904.108 Safari/537.36"
::1 - - [02/Dec/2019:12:20:21 +0000] "GET /index.html HTTP/1.1" 200 7 "-" "Mozilla/5.0 (Windows NT 10.0; Win64; x64) AppleWebKit/537.36 (KHTML, like Gecko) Chrome/78.0.3904.108 Safari/537.36"
::1 - - [02/Dec/2019:12:20:21 +0000] "GET /favicon.ico HTTP/1.1" 200 7 "http://localhost:8081/index.html" "Mozilla/5.0 (Windows NT 10.0; Win64; x64) AppleWebKit/537.36 (KHTML, like Gecko) Chrome/78.0.3904.108 Safari/537.36"
::1 - - [02/Dec/2019:12:20:25 +0000] "GET / HTTP/1.1" 200 7 "-" "Mozilla/5.0 (Windows NT 10.0; Win64; x64) AppleWebKit/537.36 (KHTML, like Gecko) Chrome/78.0.3904.108 Safari/537.36"
::1 - - [02/Dec/2019:12:20:26 +0000] "GET /favicon.ico HTTP/1.1" 304 - "http://localhost:8081/" "Mozilla/5.0 (Windows NT 10.0; Win64; x64) AppleWebKit/537.36 (KHTML, like Gecko) Chrome/78.0.3904.108 Safari/537.36"
::1 - - [02/Dec/2019:12:35:04 +0000] "GET / HTTP/1.1" 304 - "-" "Mozilla/5.0 (Windows NT 10.0; Win64; x64) AppleWebKit/537.36 (KHTML, like Gecko) Chrome/78.0.3904.108 Safari/537.36"
::1 - - [02/Dec/2019:12:35:04 +0000] "GET /favicon.ico HTTP/1.1" 200 7 "http://localhost:8081/" "Mozilla/5.0 (Windows NT 10.0; Win64; x64) AppleWebKit/537.36 (KHTML, like Gecko) Chrome/78.0.3904.108 Safari/537.36"
::1 - - [02/Dec/2019:13:14:10 +0000] "GET / HTTP/1.1" 404 186 "-" "Mozilla/5.0 (Windows NT 10.0; Win64; x64) AppleWebKit/537.36 (KHTML, like Gecko) Chrome/78.0.3904.108 Safari/537.36"
::1 - - [02/Dec/2019:13:14:15 +0000] "GET /favicon.ico HTTP/1.1" 404 186 "http://localhost:8082/" "Mozilla/5.0 (Windows NT 10.0; Win64; x64) AppleWebKit/537.36 (KHTML, like Gecko) Chrome/78.0.3904.108 Safari/537.36"
::1 - - [02/Dec/2019:13:14:22 +0000] "GET / HTTP/1.1" 404 186 "-" "Mozilla/5.0 (Windows NT 10.0; Win64; x64) AppleWebKit/537.36 (KHTML, like Gecko) Chrome/78.0.3904.108 Safari/537.36"
::1 - - [02/Dec/2019:13:15:05 +0000] "GET / HTTP/1.1" 200 3654 "-" "Mozilla/5.0 (Windows NT 10.0; Win64; x64) AppleWebKit/537.36 (KHTML, like Gecko) Chrome/78.0.3904.108 Safari/537.36"
::1 - - [02/Dec/2019:13:15:05 +0000] "GET /polyfills-es2015.js HTTP/1.1" 200 296388 "http://localhost:8082/" "Mozilla/5.0 (Windows NT 10.0; Win64; x64) AppleWebKit/537.36 (KHTML, like Gecko) Chrome/78.0.3904.108 Safari/537.36"
::1 - - [02/Dec/2019:13:15:05 +0000] "GET /styles-es2015.js HTTP/1.1" 200 743496 "http://localhost:8082/" "Mozilla/5.0 (Windows NT 10.0; Win64; x64) AppleWebKit/537.36 (KHTML, like Gecko) Chrome/78.0.3904.108 Safari/537.36"
::1 - - [02/Dec/2019:13:15:05 +0000] "GET /runtime-es2015.js HTTP/1.1" 200 13783 "http://localhost:8082/" "Mozilla/5.0 (Windows NT 10.0; Win64; x64) AppleWebKit/537.36 (KHTML, like Gecko) Chrome/78.0.3904.108 Safari/537.36"
::1 - - [02/Dec/2019:13:15:05 +0000] "GET /main-es2015.js HTTP/1.1" 200 146438 "http://localhost:8082/" "Mozilla/5.0 (Windows NT 10.0; Win64; x64) AppleWebKit/537.36 (KHTML, like Gecko) Chrome/78.0.3904.108 Safari/537.36"
::1 - - [02/Dec/2019:13:15:05 +0000] "GET /scripts.js HTTP/1.1" 200 1216504 "http://localhost:8082/" "Mozilla/5.0 (Windows NT 10.0; Win64; x64) AppleWebKit/537.36 (KHTML, like Gecko) Chrome/78.0.3904.108 Safari/537.36"
::1 - - [02/Dec/2019:13:15:06 +0000] "GET /vendor-es2015.js HTTP/1.1" 200 5620335 "http://localhost:8082/" "Mozilla/5.0 (Windows NT 10.0; Win64; x64) AppleWebKit/537.36 (KHTML, like Gecko) Chrome/78.0.3904.108 Safari/537.36"
::1 - - [02/Dec/2019:13:15:07 +0000] "GET /assets/fonts/Montserrat/Montserrat-Regular.ttf HTTP/1.1" 200 263192 "http://localhost:8082/" "Mozilla/5.0 (Windows NT 10.0; Win64; x64) AppleWebKit/537.36 (KHTML, like Gecko) Chrome/78.0.3904.108 Safari/537.36"
::1 - - [02/Dec/2019:13:15:09 +0000] "GET /default~component-forgot-password-forgot-password-module~component-login-login-module-es2015.js HTTP/1.1" 200 14175 "http://localhost:8082/" "Mozilla/5.0 (Windows NT 10.0; Win64; x64) AppleWebKit/537.36 (KHTML, like Gecko) Chrome/78.0.3904.108 Safari/537.36"
::1 - - [02/Dec/2019:13:15:09 +0000] "GET /common-es2015.js HTTP/1.1" 200 52378 "http://localhost:8082/" "Mozilla/5.0 (Windows NT 10.0; Win64; x64) AppleWebKit/537.36 (KHTML, like Gecko) Chrome/78.0.3904.108 Safari/537.36"
::1 - - [02/Dec/2019:13:15:09 +0000] "GET /component-login-login-module-es2015.js HTTP/1.1" 200 92119 "http://localhost:8082/" "Mozilla/5.0 (Windows NT 10.0; Win64; x64) AppleWebKit/537.36 (KHTML, like Gecko) Chrome/78.0.3904.108 Safari/537.36"
::1 - - [02/Dec/2019:13:15:09 +0000] "GET /assets/img/logo.png HTTP/1.1" 200 743 "http://localhost:8082/login" "Mozilla/5.0 (Windows NT 10.0; Win64; x64) AppleWebKit/537.36 (KHTML, like Gecko) Chrome/78.0.3904.108 Safari/537.36"
::1 - - [02/Dec/2019:13:15:10 +0000] "GET /open-sans-v15-latin-regular.woff2 HTTP/1.1" 200 14048 "http://localhost:8082/" "Mozilla/5.0 (Windows NT 10.0; Win64; x64) AppleWebKit/537.36 (KHTML, like Gecko) Chrome/78.0.3904.108 Safari/537.36"
::1 - - [02/Dec/2019:13:15:10 +0000] "GET /primeicons.ttf HTTP/1.1" 200 39572 "http://localhost:8082/" "Mozilla/5.0 (Windows NT 10.0; Win64; x64) AppleWebKit/537.36 (KHTML, like Gecko) Chrome/78.0.3904.108 Safari/537.36"
::1 - - [02/Dec/2019:13:15:10 +0000] "GET /favicon1.ico HTTP/1.1" 200 20502 "http://localhost:8082/login" "Mozilla/5.0 (Windows NT 10.0; Win64; x64) AppleWebKit/537.36 (KHTML, like Gecko) Chrome/78.0.3904.108 Safari/537.36"
::1 - - [02/Dec/2019:13:28:59 +0000] "GET /login HTTP/1.1" 200 3654 "-" "Mozilla/5.0 (Windows NT 10.0; Win64; x64) AppleWebKit/537.36 (KHTML, like Gecko) Chrome/78.0.3904.108 Safari/537.36"
::1 - - [02/Dec/2019:13:28:59 +0000] "GET /runtime-es2015.js HTTP/1.1" 200 13783 "http://localhost:8082/login" "Mozilla/5.0 (Windows NT 10.0; Win64; x64) AppleWebKit/537.36 (KHTML, like Gecko) Chrome/78.0.3904.108 Safari/537.36"
::1 - - [02/Dec/2019:13:28:59 +0000] "GET /polyfills-es2015.js HTTP/1.1" 200 296388 "http://localhost:8082/login" "Mozilla/5.0 (Windows NT 10.0; Win64; x64) AppleWebKit/537.36 (KHTML, like Gecko) Chrome/78.0.3904.108 Safari/537.36"
::1 - - [02/Dec/2019:13:28:59 +0000] "GET /main-es2015.js HTTP/1.1" 200 146438 "http://localhost:8082/login" "Mozilla/5.0 (Windows NT 10.0; Win64; x64) AppleWebKit/537.36 (KHTML, like Gecko) Chrome/78.0.3904.108 Safari/537.36"
::1 - - [02/Dec/2019:13:28:59 +0000] "GET /styles-es2015.js HTTP/1.1" 200 743496 "http://localhost:8082/login" "Mozilla/5.0 (Windows NT 10.0; Win64; x64) AppleWebKit/537.36 (KHTML, like Gecko) Chrome/78.0.3904.108 Safari/537.36"
::1 - - [02/Dec/2019:13:28:59 +0000] "GET /scripts.js HTTP/1.1" 200 1216504 "http://localhost:8082/login" "Mozilla/5.0 (Windows NT 10.0; Win64; x64) AppleWebKit/537.36 (KHTML, like Gecko) Chrome/78.0.3904.108 Safari/537.36"
::1 - - [02/Dec/2019:13:28:59 +0000] "GET /vendor-es2015.js HTTP/1.1" 200 5620335 "http://localhost:8082/login" "Mozilla/5.0 (Windows NT 10.0; Win64; x64) AppleWebKit/537.36 (KHTML, like Gecko) Chrome/78.0.3904.108 Safari/537.36"
::1 - - [02/Dec/2019:13:29:01 +0000] "GET /common-es2015.js HTTP/1.1" 200 52378 "http://localhost:8082/login" "Mozilla/5.0 (Windows NT 10.0; Win64; x64) AppleWebKit/537.36 (KHTML, like Gecko) Chrome/78.0.3904.108 Safari/537.36"
::1 - - [02/Dec/2019:13:29:01 +0000] "GET /default~component-forgot-password-forgot-password-module~component-login-login-module-es2015.js HTTP/1.1" 200 14175 "http://localhost:8082/login" "Mozilla/5.0 (Windows NT 10.0; Win64; x64) AppleWebKit/537.36 (KHTML, like Gecko) Chrome/78.0.3904.108 Safari/537.36"
::1 - - [02/Dec/2019:13:29:01 +0000] "GET /component-login-login-module-es2015.js HTTP/1.1" 200 92119 "http://localhost:8082/login" "Mozilla/5.0 (Windows NT 10.0; Win64; x64) AppleWebKit/537.36 (KHTML, like Gecko) Chrome/78.0.3904.108 Safari/537.36"
::1 - - [02/Dec/2019:13:29:01 +0000] "GET /assets/fonts/Montserrat/Montserrat-Regular.ttf HTTP/1.1" 200 263192 "http://localhost:8082/" "Mozilla/5.0 (Windows NT 10.0; Win64; x64) AppleWebKit/537.36 (KHTML, like Gecko) Chrome/78.0.3904.108 Safari/537.36"
::1 - - [02/Dec/2019:13:29:01 +0000] "GET /assets/img/logo.png HTTP/1.1" 200 743 "http://localhost:8082/login" "Mozilla/5.0 (Windows NT 10.0; Win64; x64) AppleWebKit/537.36 (KHTML, like Gecko) Chrome/78.0.3904.108 Safari/537.36"
::1 - - [02/Dec/2019:13:29:01 +0000] "GET /open-sans-v15-latin-regular.woff2 HTTP/1.1" 200 14048 "http://localhost:8082/" "Mozilla/5.0 (Windows NT 10.0; Win64; x64) AppleWebKit/537.36 (KHTML, like Gecko) Chrome/78.0.3904.108 Safari/537.36"
::1 - - [02/Dec/2019:13:29:01 +0000] "GET /primeicons.ttf HTTP/1.1" 200 39572 "http://localhost:8082/" "Mozilla/5.0 (Windows NT 10.0; Win64; x64) AppleWebKit/537.36 (KHTML, like Gecko) Chrome/78.0.3904.108 Safari/537.36"
::1 - - [02/Dec/2019:13:29:01 +0000] "GET /favicon1.ico HTTP/1.1" 200 20502 "http://localhost:8082/login" "Mozilla/5.0 (Windows NT 10.0; Win64; x64) AppleWebKit/537.36 (KHTML, like Gecko) Chrome/78.0.3904.108 Safari/537.36"
::1 - - [02/Dec/2019:13:36:46 +0000] "GET /login HTTP/1.1" 200 3654 "-" "Mozilla/5.0 (Windows NT 10.0; Win64; x64) AppleWebKit/537.36 (KHTML, like Gecko) Chrome/78.0.3904.108 Safari/537.36"
::1 - - [02/Dec/2019:13:36:46 +0000] "GET /polyfills-es2015.js HTTP/1.1" 200 296388 "http://localhost:8082/login" "Mozilla/5.0 (Windows NT 10.0; Win64; x64) AppleWebKit/537.36 (KHTML, like Gecko) Chrome/78.0.3904.108 Safari/537.36"
::1 - - [02/Dec/2019:13:36:46 +0000] "GET /styles-es2015.js HTTP/1.1" 200 743496 "http://localhost:8082/login" "Mozilla/5.0 (Windows NT 10.0; Win64; x64) AppleWebKit/537.36 (KHTML, like Gecko) Chrome/78.0.3904.108 Safari/537.36"
::1 - - [02/Dec/2019:13:36:46 +0000] "GET /runtime-es2015.js HTTP/1.1" 200 13783 "http://localhost:8082/login" "Mozilla/5.0 (Windows NT 10.0; Win64; x64) AppleWebKit/537.36 (KHTML, like Gecko) Chrome/78.0.3904.108 Safari/537.36"
::1 - - [02/Dec/2019:13:36:46 +0000] "GET /main-es2015.js HTTP/1.1" 200 146438 "http://localhost:8082/login" "Mozilla/5.0 (Windows NT 10.0; Win64; x64) AppleWebKit/537.36 (KHTML, like Gecko) Chrome/78.0.3904.108 Safari/537.36"
::1 - - [02/Dec/2019:13:36:46 +0000] "GET /scripts.js HTTP/1.1" 200 1216504 "http://localhost:8082/login" "Mozilla/5.0 (Windows NT 10.0; Win64; x64) AppleWebKit/537.36 (KHTML, like Gecko) Chrome/78.0.3904.108 Safari/537.36"
::1 - - [02/Dec/2019:13:36:46 +0000] "GET /vendor-es2015.js HTTP/1.1" 200 5620335 "http://localhost:8082/login" "Mozilla/5.0 (Windows NT 10.0; Win64; x64) AppleWebKit/537.36 (KHTML, like Gecko) Chrome/78.0.3904.108 Safari/537.36"
::1 - - [02/Dec/2019:13:36:47 +0000] "GET /assets/fonts/Montserrat/Montserrat-Regular.ttf HTTP/1.1" 200 263192 "http://localhost:8082/" "Mozilla/5.0 (Windows NT 10.0; Win64; x64) AppleWebKit/537.36 (KHTML, like Gecko) Chrome/78.0.3904.108 Safari/537.36"
::1 - - [02/Dec/2019:13:36:48 +0000] "GET /default~component-forgot-password-forgot-password-module~component-login-login-module-es2015.js HTTP/1.1" 200 14175 "http://localhost:8082/login" "Mozilla/5.0 (Windows NT 10.0; Win64; x64) AppleWebKit/537.36 (KHTML, like Gecko) Chrome/78.0.3904.108 Safari/537.36"
::1 - - [02/Dec/2019:13:36:48 +0000] "GET /common-es2015.js HTTP/1.1" 200 52378 "http://localhost:8082/login" "Mozilla/5.0 (Windows NT 10.0; Win64; x64) AppleWebKit/537.36 (KHTML, like Gecko) Chrome/78.0.3904.108 Safari/537.36"
::1 - - [02/Dec/2019:13:36:48 +0000] "GET /component-login-login-module-es2015.js HTTP/1.1" 200 92119 "http://localhost:8082/login" "Mozilla/5.0 (Windows NT 10.0; Win64; x64) AppleWebKit/537.36 (KHTML, like Gecko) Chrome/78.0.3904.108 Safari/537.36"
::1 - - [02/Dec/2019:13:36:48 +0000] "GET /assets/img/logo.png HTTP/1.1" 200 743 "http://localhost:8082/login" "Mozilla/5.0 (Windows NT 10.0; Win64; x64) AppleWebKit/537.36 (KHTML, like Gecko) Chrome/78.0.3904.108 Safari/537.36"
::1 - - [02/Dec/2019:13:36:48 +0000] "GET /open-sans-v15-latin-regular.woff2 HTTP/1.1" 200 14048 "http://localhost:8082/" "Mozilla/5.0 (Windows NT 10.0; Win64; x64) AppleWebKit/537.36 (KHTML, like Gecko) Chrome/78.0.3904.108 Safari/537.36"
::1 - - [02/Dec/2019:13:36:48 +0000] "GET /primeicons.ttf HTTP/1.1" 200 39572 "http://localhost:8082/" "Mozilla/5.0 (Windows NT 10.0; Win64; x64) AppleWebKit/537.36 (KHTML, like Gecko) Chrome/78.0.3904.108 Safari/537.36"
::1 - - [02/Dec/2019:13:36:49 +0000] "GET /favicon1.ico HTTP/1.1" 200 20502 "http://localhost:8082/login" "Mozilla/5.0 (Windows NT 10.0; Win64; x64) AppleWebKit/537.36 (KHTML, like Gecko) Chrome/78.0.3904.108 Safari/537.36"
::1 - - [02/Dec/2019:13:36:53 +0000] "GET /runtime-es2015.js.map HTTP/1.1" 200 14070 "-" "Mozilla/5.0 (Windows NT 10.0; Win64; x64) AppleWebKit/537.36 (KHTML, like Gecko) Chrome/78.0.3904.108 Safari/537.36"
::1 - - [02/Dec/2019:13:36:53 +0000] "GET /polyfills-es2015.js.map HTTP/1.1" 200 264610 "-" "Mozilla/5.0 (Windows NT 10.0; Win64; x64) AppleWebKit/537.36 (KHTML, like Gecko) Chrome/78.0.3904.108 Safari/537.36"
::1 - - [02/Dec/2019:13:36:53 +0000] "GET /default~component-forgot-password-forgot-password-module~component-login-login-module-es2015.js.map HTTP/1.1" 200 14807 "-" "Mozilla/5.0 (Windows NT 10.0; Win64; x64) AppleWebKit/537.36 (KHTML, like Gecko) Chrome/78.0.3904.108 Safari/537.36"
::1 - - [02/Dec/2019:13:36:53 +0000] "GET /common-es2015.js.map HTTP/1.1" 200 48046 "-" "Mozilla/5.0 (Windows NT 10.0; Win64; x64) AppleWebKit/537.36 (KHTML, like Gecko) Chrome/78.0.3904.108 Safari/537.36"
::1 - - [02/Dec/2019:13:36:53 +0000] "GET /styles-es2015.js.map HTTP/1.1" 200 798356 "-" "Mozilla/5.0 (Windows NT 10.0; Win64; x64) AppleWebKit/537.36 (KHTML, like Gecko) Chrome/78.0.3904.108 Safari/537.36"
::1 - - [02/Dec/2019:13:36:53 +0000] "GET /component-login-login-module-es2015.js.map HTTP/1.1" 200 91583 "-" "Mozilla/5.0 (Windows NT 10.0; Win64; x64) AppleWebKit/537.36 (KHTML, like Gecko) Chrome/78.0.3904.108 Safari/537.36"
::1 - - [02/Dec/2019:13:36:53 +0000] "GET /scripts.js.map HTTP/1.1" 200 1488744 "-" "Mozilla/5.0 (Windows NT 10.0; Win64; x64) AppleWebKit/537.36 (KHTML, like Gecko) Chrome/78.0.3904.108 Safari/537.36"
::1 - - [02/Dec/2019:13:36:53 +0000] "GET /main-es2015.js.map HTTP/1.1" 200 111051 "-" "Mozilla/5.0 (Windows NT 10.0; Win64; x64) AppleWebKit/537.36 (KHTML, like Gecko) Chrome/78.0.3904.108 Safari/537.36"
::1 - - [02/Dec/2019:13:37:04 +0000] "GET /vendor-es2015.js.map HTTP/1.1" 200 6673877 "-" "Mozilla/5.0 (Windows NT 10.0; Win64; x64) AppleWebKit/537.36 (KHTML, like Gecko) Chrome/78.0.3904.108 Safari/537.36"
::1 - - [02/Dec/2019:13:37:22 +0000] "POST /api/auth/login HTTP/1.1" 200 1071 "http://localhost:8082/login" "Mozilla/5.0 (Windows NT 10.0; Win64; x64) AppleWebKit/537.36 (KHTML, like Gecko) Chrome/78.0.3904.108 Safari/537.36"
::1 - - [02/Dec/2019:13:37:24 +0000] "GET /default~component-category-master-category-master-module~component-change-password-change-password-m~94a1ed4e-es2015.js HTTP/1.1" 200 352762 "http://localhost:8082/login" "Mozilla/5.0 (Windows NT 10.0; Win64; x64) AppleWebKit/537.36 (KHTML, like Gecko) Chrome/78.0.3904.108 Safari/537.36"
::1 - - [02/Dec/2019:13:37:24 +0000] "GET /default~component-change-password-change-password-module~component-company-info-company-info-module~~83b244a0-es2015.js HTTP/1.1" 200 403259 "http://localhost:8082/login" "Mozilla/5.0 (Windows NT 10.0; Win64; x64) AppleWebKit/537.36 (KHTML, like Gecko) Chrome/78.0.3904.108 Safari/537.36"
::1 - - [02/Dec/2019:13:37:24 +0000] "GET /default~component-change-password-change-password-module~component-company-info-company-info-module~~eaeec811-es2015.js HTTP/1.1" 200 619000 "http://localhost:8082/login" "Mozilla/5.0 (Windows NT 10.0; Win64; x64) AppleWebKit/537.36 (KHTML, like Gecko) Chrome/78.0.3904.108 Safari/537.36"
::1 - - [02/Dec/2019:13:37:24 +0000] "GET /default~component-category-master-category-master-module~component-dashboard-dashboard-module~compon~f7e63588-es2015.js HTTP/1.1" 200 17492 "http://localhost:8082/login" "Mozilla/5.0 (Windows NT 10.0; Win64; x64) AppleWebKit/537.36 (KHTML, like Gecko) Chrome/78.0.3904.108 Safari/537.36"
::1 - - [02/Dec/2019:13:37:24 +0000] "GET /component-dashboard-dashboard-module-es2015.js HTTP/1.1" 200 67464 "http://localhost:8082/login" "Mozilla/5.0 (Windows NT 10.0; Win64; x64) AppleWebKit/537.36 (KHTML, like Gecko) Chrome/78.0.3904.108 Safari/537.36"
::1 - - [02/Dec/2019:13:37:24 +0000] "GET /default~component-category-master-category-master-module~component-change-password-change-password-m~94a1ed4e-es2015.js.map HTTP/1.1" 200 395938 "-" "Mozilla/5.0 (Windows NT 10.0; Win64; x64) AppleWebKit/537.36 (KHTML, like Gecko) Chrome/78.0.3904.108 Safari/537.36"
::1 - - [02/Dec/2019:13:37:24 +0000] "GET /default~component-category-master-category-master-module~component-dashboard-dashboard-module~compon~f7e63588-es2015.js.map HTTP/1.1" 200 19338 "-" "Mozilla/5.0 (Windows NT 10.0; Win64; x64) AppleWebKit/537.36 (KHTML, like Gecko) Chrome/78.0.3904.108 Safari/537.36"
::1 - - [02/Dec/2019:13:37:24 +0000] "GET /component-dashboard-dashboard-module-es2015.js.map HTTP/1.1" 200 65276 "-" "Mozilla/5.0 (Windows NT 10.0; Win64; x64) AppleWebKit/537.36 (KHTML, like Gecko) Chrome/78.0.3904.108 Safari/537.36"
::1 - - [02/Dec/2019:13:37:25 +0000] "GET /default~component-change-password-change-password-module~component-company-info-company-info-module~~eaeec811-es2015.js.map HTTP/1.1" 200 717465 "-" "Mozilla/5.0 (Windows NT 10.0; Win64; x64) AppleWebKit/537.36 (KHTML, like Gecko) Chrome/78.0.3904.108 Safari/537.36"
::1 - - [02/Dec/2019:13:37:25 +0000] "GET /api/sales/total-sales HTTP/1.1" 200 35 "http://localhost:8082/dashboard" "Mozilla/5.0 (Windows NT 10.0; Win64; x64) AppleWebKit/537.36 (KHTML, like Gecko) Chrome/78.0.3904.108 Safari/537.36"
::1 - - [02/Dec/2019:13:37:26 +0000] "GET /api/company HTTP/1.1" 200 5753 "http://localhost:8082/dashboard" "Mozilla/5.0 (Windows NT 10.0; Win64; x64) AppleWebKit/537.36 (KHTML, like Gecko) Chrome/78.0.3904.108 Safari/537.36"
::1 - - [02/Dec/2019:13:37:27 +0000] "GET /api/customer/get-by-company/5dadb49a9460b52f10204f41 HTTP/1.1" 200 3488 "http://localhost:8082/dashboard" "Mozilla/5.0 (Windows NT 10.0; Win64; x64) AppleWebKit/537.36 (KHTML, like Gecko) Chrome/78.0.3904.108 Safari/537.36"
::1 - - [02/Dec/2019:13:37:27 +0000] "GET /api/dashboard/logged-in-users HTTP/1.1" 200 1430 "http://localhost:8082/dashboard" "Mozilla/5.0 (Windows NT 10.0; Win64; x64) AppleWebKit/537.36 (KHTML, like Gecko) Chrome/78.0.3904.108 Safari/537.36"
::1 - - [02/Dec/2019:13:37:27 +0000] "GET /assets/uploads/613e2846e6a66b3fc9bf832c056b4be61573728718842.png HTTP/1.1" 200 1527 "http://localhost:8082/dashboard" "Mozilla/5.0 (Windows NT 10.0; Win64; x64) AppleWebKit/537.36 (KHTML, like Gecko) Chrome/78.0.3904.108 Safari/537.36"
::1 - - [02/Dec/2019:13:37:27 +0000] "GET /api/pdf/test-pdf HTTP/1.1" 200 3654 "http://localhost:8082/dashboard" "Mozilla/5.0 (Windows NT 10.0; Win64; x64) AppleWebKit/537.36 (KHTML, like Gecko) Chrome/78.0.3904.108 Safari/537.36"
::1 - - [02/Dec/2019:13:37:27 +0000] "GET /assets/uploads/1ff378a1b901b5eae043ebba354869811574952066723.png HTTP/1.1" 200 51381 "http://localhost:8082/dashboard" "Mozilla/5.0 (Windows NT 10.0; Win64; x64) AppleWebKit/537.36 (KHTML, like Gecko) Chrome/78.0.3904.108 Safari/537.36"
::1 - - [02/Dec/2019:13:37:27 +0000] "GET /default~component-change-password-change-password-module~component-company-info-company-info-module~~83b244a0-es2015.js.map HTTP/1.1" 200 516936 "-" "Mozilla/5.0 (Windows NT 10.0; Win64; x64) AppleWebKit/537.36 (KHTML, like Gecko) Chrome/78.0.3904.108 Safari/537.36"
::1 - - [02/Dec/2019:13:37:28 +0000] "GET /api/dashboard/latest-purchase/5dadb49a9460b52f10204f41 HTTP/1.1" 200 4222 "http://localhost:8082/dashboard" "Mozilla/5.0 (Windows NT 10.0; Win64; x64) AppleWebKit/537.36 (KHTML, like Gecko) Chrome/78.0.3904.108 Safari/537.36"
::1 - - [02/Dec/2019:13:37:28 +0000] "GET /api/stock/get-by-company/5dadb49a9460b52f10204f41 HTTP/1.1" 200 4497 "http://localhost:8082/dashboard" "Mozilla/5.0 (Windows NT 10.0; Win64; x64) AppleWebKit/537.36 (KHTML, like Gecko) Chrome/78.0.3904.108 Safari/537.36"
::1 - - [02/Dec/2019:13:37:28 +0000] "GET /api/dashboard/latest-stock/5dadb49a9460b52f10204f41 HTTP/1.1" 200 3120 "http://localhost:8082/dashboard" "Mozilla/5.0 (Windows NT 10.0; Win64; x64) AppleWebKit/537.36 (KHTML, like Gecko) Chrome/78.0.3904.108 Safari/537.36"
::1 - - [02/Dec/2019:13:37:28 +0000] "GET /api/dashboard/latest-sales/5dadb49a9460b52f10204f41 HTTP/1.1" 200 9243 "http://localhost:8082/dashboard" "Mozilla/5.0 (Windows NT 10.0; Win64; x64) AppleWebKit/537.36 (KHTML, like Gecko) Chrome/78.0.3904.108 Safari/537.36"
::1 - - [02/Dec/2019:13:42:10 +0000] "GET /component-order-order-module-es2015.js HTTP/1.1" 200 219006 "http://localhost:8082/dashboard" "Mozilla/5.0 (Windows NT 10.0; Win64; x64) AppleWebKit/537.36 (KHTML, like Gecko) Chrome/78.0.3904.108 Safari/537.36"
::1 - - [02/Dec/2019:13:42:10 +0000] "GET /default~component-category-master-category-master-module~component-change-password-change-password-m~82da729b-es2015.js HTTP/1.1" 200 34804 "http://localhost:8082/dashboard" "Mozilla/5.0 (Windows NT 10.0; Win64; x64) AppleWebKit/537.36 (KHTML, like Gecko) Chrome/78.0.3904.108 Safari/537.36"
::1 - - [02/Dec/2019:13:42:10 +0000] "GET /default~component-change-password-change-password-module~component-company-info-company-info-module~~7b5acfdb-es2015.js HTTP/1.1" 200 25914 "http://localhost:8082/dashboard" "Mozilla/5.0 (Windows NT 10.0; Win64; x64) AppleWebKit/537.36 (KHTML, like Gecko) Chrome/78.0.3904.108 Safari/537.36"
::1 - - [02/Dec/2019:13:42:12 +0000] "GET /api/sales/last-invoice HTTP/1.1" 200 1 "http://localhost:8082/sales" "Mozilla/5.0 (Windows NT 10.0; Win64; x64) AppleWebKit/537.36 (KHTML, like Gecko) Chrome/78.0.3904.108 Safari/537.36"
::1 - - [02/Dec/2019:13:42:12 +0000] "GET /api/customer HTTP/1.1" 200 1558 "http://localhost:8082/sales" "Mozilla/5.0 (Windows NT 10.0; Win64; x64) AppleWebKit/537.36 (KHTML, like Gecko) Chrome/78.0.3904.108 Safari/537.36"
::1 - - [02/Dec/2019:13:42:12 +0000] "GET /api/category/get-by-company/5dadb49a9460b52f10204f41 HTTP/1.1" 200 9850 "http://localhost:8082/sales" "Mozilla/5.0 (Windows NT 10.0; Win64; x64) AppleWebKit/537.36 (KHTML, like Gecko) Chrome/78.0.3904.108 Safari/537.36"
::1 - - [02/Dec/2019:13:42:12 +0000] "GET /api/stock/get-by-company-active/5dadb49a9460b52f10204f41 HTTP/1.1" 200 1173 "http://localhost:8082/sales" "Mozilla/5.0 (Windows NT 10.0; Win64; x64) AppleWebKit/537.36 (KHTML, like Gecko) Chrome/78.0.3904.108 Safari/537.36"
::1 - - [02/Dec/2019:13:42:17 +0000] "GET /api/pdf/test-pdf HTTP/1.1" 304 - "http://localhost:8082/dashboard" "Mozilla/5.0 (Windows NT 10.0; Win64; x64) AppleWebKit/537.36 (KHTML, like Gecko) Chrome/78.0.3904.108 Safari/537.36"
::1 - - [02/Dec/2019:13:42:17 +0000] "GET /api/dashboard/logged-in-users HTTP/1.1" 304 - "http://localhost:8082/dashboard" "Mozilla/5.0 (Windows NT 10.0; Win64; x64) AppleWebKit/537.36 (KHTML, like Gecko) Chrome/78.0.3904.108 Safari/537.36"
::1 - - [02/Dec/2019:13:42:17 +0000] "GET /api/dashboard/latest-purchase/5dadb49a9460b52f10204f41 HTTP/1.1" 304 - "http://localhost:8082/dashboard" "Mozilla/5.0 (Windows NT 10.0; Win64; x64) AppleWebKit/537.36 (KHTML, like Gecko) Chrome/78.0.3904.108 Safari/537.36"
::1 - - [02/Dec/2019:13:42:17 +0000] "GET /api/stock/get-by-company/5dadb49a9460b52f10204f41 HTTP/1.1" 304 - "http://localhost:8082/dashboard" "Mozilla/5.0 (Windows NT 10.0; Win64; x64) AppleWebKit/537.36 (KHTML, like Gecko) Chrome/78.0.3904.108 Safari/537.36"
::1 - - [02/Dec/2019:13:42:17 +0000] "GET /api/sales/total-sales HTTP/1.1" 304 - "http://localhost:8082/dashboard" "Mozilla/5.0 (Windows NT 10.0; Win64; x64) AppleWebKit/537.36 (KHTML, like Gecko) Chrome/78.0.3904.108 Safari/537.36"
::1 - - [02/Dec/2019:13:42:17 +0000] "GET /api/dashboard/latest-stock/5dadb49a9460b52f10204f41 HTTP/1.1" 304 - "http://localhost:8082/dashboard" "Mozilla/5.0 (Windows NT 10.0; Win64; x64) AppleWebKit/537.36 (KHTML, like Gecko) Chrome/78.0.3904.108 Safari/537.36"
::1 - - [02/Dec/2019:13:42:17 +0000] "GET /api/dashboard/latest-sales/5dadb49a9460b52f10204f41 HTTP/1.1" 304 - "http://localhost:8082/dashboard" "Mozilla/5.0 (Windows NT 10.0; Win64; x64) AppleWebKit/537.36 (KHTML, like Gecko) Chrome/78.0.3904.108 Safari/537.36"
::1 - - [02/Dec/2019:13:42:17 +0000] "GET /api/company HTTP/1.1" 304 - "http://localhost:8082/dashboard" "Mozilla/5.0 (Windows NT 10.0; Win64; x64) AppleWebKit/537.36 (KHTML, like Gecko) Chrome/78.0.3904.108 Safari/537.36"
::1 - - [02/Dec/2019:13:42:17 +0000] "GET /api/customer/get-by-company/5dadb49a9460b52f10204f41 HTTP/1.1" 304 - "http://localhost:8082/dashboard" "Mozilla/5.0 (Windows NT 10.0; Win64; x64) AppleWebKit/537.36 (KHTML, like Gecko) Chrome/78.0.3904.108 Safari/537.36"
::1 - - [02/Dec/2019:13:50:17 +0000] "GET /default~component-payment-payment-module~component-stock-master-stock-master-module-es2015.js HTTP/1.1" 200 33073 "http://localhost:8082/dashboard" "Mozilla/5.0 (Windows NT 10.0; Win64; x64) AppleWebKit/537.36 (KHTML, like Gecko) Chrome/78.0.3904.108 Safari/537.36"
::1 - - [02/Dec/2019:13:50:17 +0000] "GET /component-stock-master-stock-master-module-es2015.js HTTP/1.1" 200 49938 "http://localhost:8082/dashboard" "Mozilla/5.0 (Windows NT 10.0; Win64; x64) AppleWebKit/537.36 (KHTML, like Gecko) Chrome/78.0.3904.108 Safari/537.36"
::1 - - [02/Dec/2019:13:50:18 +0000] "GET /api/unit/get-by-company/5dadb49a9460b52f10204f41 HTTP/1.1" 200 6654 "http://localhost:8082/master/stock" "Mozilla/5.0 (Windows NT 10.0; Win64; x64) AppleWebKit/537.36 (KHTML, like Gecko) Chrome/78.0.3904.108 Safari/537.36"
::1 - - [02/Dec/2019:13:50:18 +0000] "GET /api/category/get-by-company/5dadb49a9460b52f10204f41 HTTP/1.1" 304 - "http://localhost:8082/master/stock" "Mozilla/5.0 (Windows NT 10.0; Win64; x64) AppleWebKit/537.36 (KHTML, like Gecko) Chrome/78.0.3904.108 Safari/537.36"
::1 - - [02/Dec/2019:13:50:18 +0000] "GET /api/stock/get-by-company/5dadb49a9460b52f10204f41 HTTP/1.1" 304 - "http://localhost:8082/master/stock" "Mozilla/5.0 (Windows NT 10.0; Win64; x64) AppleWebKit/537.36 (KHTML, like Gecko) Chrome/78.0.3904.108 Safari/537.36"
::1 - - [02/Dec/2019:13:50:21 +0000] "GET /api/pdf/test-pdf HTTP/1.1" 304 - "http://localhost:8082/dashboard" "Mozilla/5.0 (Windows NT 10.0; Win64; x64) AppleWebKit/537.36 (KHTML, like Gecko) Chrome/78.0.3904.108 Safari/537.36"
::1 - - [02/Dec/2019:13:50:21 +0000] "GET /api/company HTTP/1.1" 304 - "http://localhost:8082/dashboard" "Mozilla/5.0 (Windows NT 10.0; Win64; x64) AppleWebKit/537.36 (KHTML, like Gecko) Chrome/78.0.3904.108 Safari/537.36"
::1 - - [02/Dec/2019:13:50:21 +0000] "GET /api/sales/total-sales HTTP/1.1" 304 - "http://localhost:8082/dashboard" "Mozilla/5.0 (Windows NT 10.0; Win64; x64) AppleWebKit/537.36 (KHTML, like Gecko) Chrome/78.0.3904.108 Safari/537.36"
::1 - - [02/Dec/2019:13:50:21 +0000] "GET /api/stock/get-by-company/5dadb49a9460b52f10204f41 HTTP/1.1" 304 - "http://localhost:8082/dashboard" "Mozilla/5.0 (Windows NT 10.0; Win64; x64) AppleWebKit/537.36 (KHTML, like Gecko) Chrome/78.0.3904.108 Safari/537.36"
::1 - - [02/Dec/2019:13:50:21 +0000] "GET /api/dashboard/latest-purchase/5dadb49a9460b52f10204f41 HTTP/1.1" 304 - "http://localhost:8082/dashboard" "Mozilla/5.0 (Windows NT 10.0; Win64; x64) AppleWebKit/537.36 (KHTML, like Gecko) Chrome/78.0.3904.108 Safari/537.36"
::1 - - [02/Dec/2019:13:50:21 +0000] "GET /api/dashboard/logged-in-users HTTP/1.1" 304 - "http://localhost:8082/dashboard" "Mozilla/5.0 (Windows NT 10.0; Win64; x64) AppleWebKit/537.36 (KHTML, like Gecko) Chrome/78.0.3904.108 Safari/537.36"
::1 - - [02/Dec/2019:13:50:21 +0000] "GET /api/dashboard/latest-sales/5dadb49a9460b52f10204f41 HTTP/1.1" 304 - "http://localhost:8082/dashboard" "Mozilla/5.0 (Windows NT 10.0; Win64; x64) AppleWebKit/537.36 (KHTML, like Gecko) Chrome/78.0.3904.108 Safari/537.36"
::1 - - [02/Dec/2019:13:50:21 +0000] "GET /api/dashboard/latest-stock/5dadb49a9460b52f10204f41 HTTP/1.1" 304 - "http://localhost:8082/dashboard" "Mozilla/5.0 (Windows NT 10.0; Win64; x64) AppleWebKit/537.36 (KHTML, like Gecko) Chrome/78.0.3904.108 Safari/537.36"
::1 - - [02/Dec/2019:13:50:21 +0000] "GET /api/customer/get-by-company/5dadb49a9460b52f10204f41 HTTP/1.1" 304 - "http://localhost:8082/dashboard" "Mozilla/5.0 (Windows NT 10.0; Win64; x64) AppleWebKit/537.36 (KHTML, like Gecko) Chrome/78.0.3904.108 Safari/537.36"
::1 - - [02/Dec/2019:13:50:22 +0000] "GET /component-purchase-purchase-module-es2015.js HTTP/1.1" 200 6921 "http://localhost:8082/dashboard" "Mozilla/5.0 (Windows NT 10.0; Win64; x64) AppleWebKit/537.36 (KHTML, like Gecko) Chrome/78.0.3904.108 Safari/537.36"
::1 - - [02/Dec/2019:13:50:24 +0000] "GET /api/sales/total-sales HTTP/1.1" 304 - "http://localhost:8082/dashboard" "Mozilla/5.0 (Windows NT 10.0; Win64; x64) AppleWebKit/537.36 (KHTML, like Gecko) Chrome/78.0.3904.108 Safari/537.36"
::1 - - [02/Dec/2019:13:50:24 +0000] "GET /api/company HTTP/1.1" 304 - "http://localhost:8082/dashboard" "Mozilla/5.0 (Windows NT 10.0; Win64; x64) AppleWebKit/537.36 (KHTML, like Gecko) Chrome/78.0.3904.108 Safari/537.36"
::1 - - [02/Dec/2019:13:50:24 +0000] "GET /api/dashboard/logged-in-users HTTP/1.1" 304 - "http://localhost:8082/dashboard" "Mozilla/5.0 (Windows NT 10.0; Win64; x64) AppleWebKit/537.36 (KHTML, like Gecko) Chrome/78.0.3904.108 Safari/537.36"
::1 - - [02/Dec/2019:13:50:24 +0000] "GET /api/customer/get-by-company/5dadb49a9460b52f10204f41 HTTP/1.1" 304 - "http://localhost:8082/dashboard" "Mozilla/5.0 (Windows NT 10.0; Win64; x64) AppleWebKit/537.36 (KHTML, like Gecko) Chrome/78.0.3904.108 Safari/537.36"
::1 - - [02/Dec/2019:13:50:24 +0000] "GET /api/pdf/test-pdf HTTP/1.1" 304 - "http://localhost:8082/dashboard" "Mozilla/5.0 (Windows NT 10.0; Win64; x64) AppleWebKit/537.36 (KHTML, like Gecko) Chrome/78.0.3904.108 Safari/537.36"
::1 - - [02/Dec/2019:13:50:24 +0000] "GET /api/dashboard/latest-stock/5dadb49a9460b52f10204f41 HTTP/1.1" 304 - "http://localhost:8082/dashboard" "Mozilla/5.0 (Windows NT 10.0; Win64; x64) AppleWebKit/537.36 (KHTML, like Gecko) Chrome/78.0.3904.108 Safari/537.36"
::1 - - [02/Dec/2019:13:50:24 +0000] "GET /api/stock/get-by-company/5dadb49a9460b52f10204f41 HTTP/1.1" 304 - "http://localhost:8082/dashboard" "Mozilla/5.0 (Windows NT 10.0; Win64; x64) AppleWebKit/537.36 (KHTML, like Gecko) Chrome/78.0.3904.108 Safari/537.36"
::1 - - [02/Dec/2019:13:50:24 +0000] "GET /api/dashboard/latest-sales/5dadb49a9460b52f10204f41 HTTP/1.1" 304 - "http://localhost:8082/dashboard" "Mozilla/5.0 (Windows NT 10.0; Win64; x64) AppleWebKit/537.36 (KHTML, like Gecko) Chrome/78.0.3904.108 Safari/537.36"
::1 - - [02/Dec/2019:13:50:24 +0000] "GET /api/dashboard/latest-purchase/5dadb49a9460b52f10204f41 HTTP/1.1" 304 - "http://localhost:8082/dashboard" "Mozilla/5.0 (Windows NT 10.0; Win64; x64) AppleWebKit/537.36 (KHTML, like Gecko) Chrome/78.0.3904.108 Safari/537.36"
::1 - - [02/Dec/2019:13:50:25 +0000] "GET /component-customer-master-customer-master-module-es2015.js HTTP/1.1" 200 56233 "http://localhost:8082/dashboard" "Mozilla/5.0 (Windows NT 10.0; Win64; x64) AppleWebKit/537.36 (KHTML, like Gecko) Chrome/78.0.3904.108 Safari/537.36"
::1 - - [02/Dec/2019:13:50:26 +0000] "GET /api/customer/get-by-company/5dadb49a9460b52f10204f41 HTTP/1.1" 304 - "http://localhost:8082/master/customer" "Mozilla/5.0 (Windows NT 10.0; Win64; x64) AppleWebKit/537.36 (KHTML, like Gecko) Chrome/78.0.3904.108 Safari/537.36"
::1 - - [02/Dec/2019:13:50:30 +0000] "GET /api/company HTTP/1.1" 304 - "http://localhost:8082/dashboard" "Mozilla/5.0 (Windows NT 10.0; Win64; x64) AppleWebKit/537.36 (KHTML, like Gecko) Chrome/78.0.3904.108 Safari/537.36"
::1 - - [02/Dec/2019:13:50:30 +0000] "GET /api/sales/total-sales HTTP/1.1" 304 - "http://localhost:8082/dashboard" "Mozilla/5.0 (Windows NT 10.0; Win64; x64) AppleWebKit/537.36 (KHTML, like Gecko) Chrome/78.0.3904.108 Safari/537.36"
::1 - - [02/Dec/2019:13:50:30 +0000] "GET /api/dashboard/logged-in-users HTTP/1.1" 304 - "http://localhost:8082/dashboard" "Mozilla/5.0 (Windows NT 10.0; Win64; x64) AppleWebKit/537.36 (KHTML, like Gecko) Chrome/78.0.3904.108 Safari/537.36"
::1 - - [02/Dec/2019:13:50:30 +0000] "GET /api/pdf/test-pdf HTTP/1.1" 304 - "http://localhost:8082/dashboard" "Mozilla/5.0 (Windows NT 10.0; Win64; x64) AppleWebKit/537.36 (KHTML, like Gecko) Chrome/78.0.3904.108 Safari/537.36"
::1 - - [02/Dec/2019:13:50:30 +0000] "GET /api/stock/get-by-company/5dadb49a9460b52f10204f41 HTTP/1.1" 304 - "http://localhost:8082/dashboard" "Mozilla/5.0 (Windows NT 10.0; Win64; x64) AppleWebKit/537.36 (KHTML, like Gecko) Chrome/78.0.3904.108 Safari/537.36"
::1 - - [02/Dec/2019:13:50:30 +0000] "GET /api/dashboard/latest-stock/5dadb49a9460b52f10204f41 HTTP/1.1" 304 - "http://localhost:8082/dashboard" "Mozilla/5.0 (Windows NT 10.0; Win64; x64) AppleWebKit/537.36 (KHTML, like Gecko) Chrome/78.0.3904.108 Safari/537.36"
::1 - - [02/Dec/2019:13:50:30 +0000] "GET /api/customer/get-by-company/5dadb49a9460b52f10204f41 HTTP/1.1" 304 - "http://localhost:8082/dashboard" "Mozilla/5.0 (Windows NT 10.0; Win64; x64) AppleWebKit/537.36 (KHTML, like Gecko) Chrome/78.0.3904.108 Safari/537.36"
::1 - - [02/Dec/2019:13:50:31 +0000] "GET /api/dashboard/latest-purchase/5dadb49a9460b52f10204f41 HTTP/1.1" 304 - "http://localhost:8082/dashboard" "Mozilla/5.0 (Windows NT 10.0; Win64; x64) AppleWebKit/537.36 (KHTML, like Gecko) Chrome/78.0.3904.108 Safari/537.36"
::1 - - [02/Dec/2019:13:50:31 +0000] "GET /api/dashboard/latest-sales/5dadb49a9460b52f10204f41 HTTP/1.1" 304 - "http://localhost:8082/dashboard" "Mozilla/5.0 (Windows NT 10.0; Win64; x64) AppleWebKit/537.36 (KHTML, like Gecko) Chrome/78.0.3904.108 Safari/537.36"
::1 - - [02/Dec/2019:13:52:46 +0000] "GET /component-payment-payment-module-es2015.js HTTP/1.1" 200 25353 "http://localhost:8082/dashboard" "Mozilla/5.0 (Windows NT 10.0; Win64; x64) AppleWebKit/537.36 (KHTML, like Gecko) Chrome/78.0.3904.108 Safari/537.36"
::1 - - [02/Dec/2019:13:52:51 +0000] "GET /api/sales/total-sales HTTP/1.1" 304 - "http://localhost:8082/dashboard" "Mozilla/5.0 (Windows NT 10.0; Win64; x64) AppleWebKit/537.36 (KHTML, like Gecko) Chrome/78.0.3904.108 Safari/537.36"
::1 - - [02/Dec/2019:13:52:51 +0000] "GET /api/company HTTP/1.1" 304 - "http://localhost:8082/dashboard" "Mozilla/5.0 (Windows NT 10.0; Win64; x64) AppleWebKit/537.36 (KHTML, like Gecko) Chrome/78.0.3904.108 Safari/537.36"
::1 - - [02/Dec/2019:13:52:51 +0000] "GET /api/customer/get-by-company/5dadb49a9460b52f10204f41 HTTP/1.1" 304 - "http://localhost:8082/dashboard" "Mozilla/5.0 (Windows NT 10.0; Win64; x64) AppleWebKit/537.36 (KHTML, like Gecko) Chrome/78.0.3904.108 Safari/537.36"
::1 - - [02/Dec/2019:13:52:51 +0000] "GET /api/pdf/test-pdf HTTP/1.1" 304 - "http://localhost:8082/dashboard" "Mozilla/5.0 (Windows NT 10.0; Win64; x64) AppleWebKit/537.36 (KHTML, like Gecko) Chrome/78.0.3904.108 Safari/537.36"
::1 - - [02/Dec/2019:13:52:51 +0000] "GET /api/stock/get-by-company/5dadb49a9460b52f10204f41 HTTP/1.1" 304 - "http://localhost:8082/dashboard" "Mozilla/5.0 (Windows NT 10.0; Win64; x64) AppleWebKit/537.36 (KHTML, like Gecko) Chrome/78.0.3904.108 Safari/537.36"
::1 - - [02/Dec/2019:13:52:51 +0000] "GET /api/dashboard/logged-in-users HTTP/1.1" 304 - "http://localhost:8082/dashboard" "Mozilla/5.0 (Windows NT 10.0; Win64; x64) AppleWebKit/537.36 (KHTML, like Gecko) Chrome/78.0.3904.108 Safari/537.36"
::1 - - [02/Dec/2019:13:52:51 +0000] "GET /api/dashboard/latest-stock/5dadb49a9460b52f10204f41 HTTP/1.1" 304 - "http://localhost:8082/dashboard" "Mozilla/5.0 (Windows NT 10.0; Win64; x64) AppleWebKit/537.36 (KHTML, like Gecko) Chrome/78.0.3904.108 Safari/537.36"
::1 - - [02/Dec/2019:13:52:51 +0000] "GET /api/dashboard/latest-sales/5dadb49a9460b52f10204f41 HTTP/1.1" 304 - "http://localhost:8082/dashboard" "Mozilla/5.0 (Windows NT 10.0; Win64; x64) AppleWebKit/537.36 (KHTML, like Gecko) Chrome/78.0.3904.108 Safari/537.36"
::1 - - [02/Dec/2019:13:52:51 +0000] "GET /api/dashboard/latest-purchase/5dadb49a9460b52f10204f41 HTTP/1.1" 304 - "http://localhost:8082/dashboard" "Mozilla/5.0 (Windows NT 10.0; Win64; x64) AppleWebKit/537.36 (KHTML, like Gecko) Chrome/78.0.3904.108 Safari/537.36"
::1 - - [02/Dec/2019:13:53:03 +0000] "GET /component-reports-reports-module-es2015.js HTTP/1.1" 200 16791 "http://localhost:8082/purchase" "Mozilla/5.0 (Windows NT 10.0; Win64; x64) AppleWebKit/537.36 (KHTML, like Gecko) Chrome/78.0.3904.108 Safari/537.36"
::1 - - [02/Dec/2019:13:53:05 +0000] "GET /report/sales-report HTTP/1.1" 200 3654 "-" "Mozilla/5.0 (Windows NT 10.0; Win64; x64) AppleWebKit/537.36 (KHTML, like Gecko) Chrome/78.0.3904.108 Safari/537.36"
::1 - - [02/Dec/2019:13:53:05 +0000] "GET /runtime-es2015.js HTTP/1.1" 304 - "http://localhost:8082/report/sales-report" "Mozilla/5.0 (Windows NT 10.0; Win64; x64) AppleWebKit/537.36 (KHTML, like Gecko) Chrome/78.0.3904.108 Safari/537.36"
::1 - - [02/Dec/2019:13:53:05 +0000] "GET /polyfills-es2015.js HTTP/1.1" 304 - "http://localhost:8082/report/sales-report" "Mozilla/5.0 (Windows NT 10.0; Win64; x64) AppleWebKit/537.36 (KHTML, like Gecko) Chrome/78.0.3904.108 Safari/537.36"
::1 - - [02/Dec/2019:13:53:05 +0000] "GET /scripts.js HTTP/1.1" 304 - "http://localhost:8082/report/sales-report" "Mozilla/5.0 (Windows NT 10.0; Win64; x64) AppleWebKit/537.36 (KHTML, like Gecko) Chrome/78.0.3904.108 Safari/537.36"
::1 - - [02/Dec/2019:13:53:05 +0000] "GET /vendor-es2015.js HTTP/1.1" 304 - "http://localhost:8082/report/sales-report" "Mozilla/5.0 (Windows NT 10.0; Win64; x64) AppleWebKit/537.36 (KHTML, like Gecko) Chrome/78.0.3904.108 Safari/537.36"
::1 - - [02/Dec/2019:13:53:05 +0000] "GET /styles-es2015.js HTTP/1.1" 304 - "http://localhost:8082/report/sales-report" "Mozilla/5.0 (Windows NT 10.0; Win64; x64) AppleWebKit/537.36 (KHTML, like Gecko) Chrome/78.0.3904.108 Safari/537.36"
::1 - - [02/Dec/2019:13:53:05 +0000] "GET /main-es2015.js HTTP/1.1" 304 - "http://localhost:8082/report/sales-report" "Mozilla/5.0 (Windows NT 10.0; Win64; x64) AppleWebKit/537.36 (KHTML, like Gecko) Chrome/78.0.3904.108 Safari/537.36"
::1 - - [02/Dec/2019:13:53:06 +0000] "GET /assets/fonts/Montserrat/Montserrat-Regular.ttf HTTP/1.1" 304 - "http://localhost:8082/" "Mozilla/5.0 (Windows NT 10.0; Win64; x64) AppleWebKit/537.36 (KHTML, like Gecko) Chrome/78.0.3904.108 Safari/537.36"
::1 - - [02/Dec/2019:13:53:06 +0000] "GET /component-reports-reports-module-es2015.js HTTP/1.1" 304 - "http://localhost:8082/report/sales-report" "Mozilla/5.0 (Windows NT 10.0; Win64; x64) AppleWebKit/537.36 (KHTML, like Gecko) Chrome/78.0.3904.108 Safari/537.36"
::1 - - [02/Dec/2019:13:53:06 +0000] "GET /default~component-change-password-change-password-module~component-company-info-company-info-module~~eaeec811-es2015.js HTTP/1.1" 304 - "http://localhost:8082/report/sales-report" "Mozilla/5.0 (Windows NT 10.0; Win64; x64) AppleWebKit/537.36 (KHTML, like Gecko) Chrome/78.0.3904.108 Safari/537.36"
::1 - - [02/Dec/2019:13:53:07 +0000] "GET /assets/uploads/1ff378a1b901b5eae043ebba354869811574952066723.png HTTP/1.1" 304 - "http://localhost:8082/report/sales-report" "Mozilla/5.0 (Windows NT 10.0; Win64; x64) AppleWebKit/537.36 (KHTML, like Gecko) Chrome/78.0.3904.108 Safari/537.36"
::1 - - [02/Dec/2019:13:53:07 +0000] "GET /assets/uploads/613e2846e6a66b3fc9bf832c056b4be61573728718842.png HTTP/1.1" 304 - "http://localhost:8082/report/sales-report" "Mozilla/5.0 (Windows NT 10.0; Win64; x64) AppleWebKit/537.36 (KHTML, like Gecko) Chrome/78.0.3904.108 Safari/537.36"
::1 - - [02/Dec/2019:13:53:07 +0000] "GET /primeicons.ttf HTTP/1.1" 304 - "http://localhost:8082/" "Mozilla/5.0 (Windows NT 10.0; Win64; x64) AppleWebKit/537.36 (KHTML, like Gecko) Chrome/78.0.3904.108 Safari/537.36"
::1 - - [02/Dec/2019:13:53:07 +0000] "GET /favicon1.ico HTTP/1.1" 200 20502 "http://localhost:8082/report/sales-report" "Mozilla/5.0 (Windows NT 10.0; Win64; x64) AppleWebKit/537.36 (KHTML, like Gecko) Chrome/78.0.3904.108 Safari/537.36"
::1 - - [02/Dec/2019:13:53:10 +0000] "GET /default~component-category-master-category-master-module~component-change-password-change-password-m~82da729b-es2015.js HTTP/1.1" 304 - "http://localhost:8082/report/sales-report" "Mozilla/5.0 (Windows NT 10.0; Win64; x64) AppleWebKit/537.36 (KHTML, like Gecko) Chrome/78.0.3904.108 Safari/537.36"
::1 - - [02/Dec/2019:13:53:10 +0000] "GET /default~component-payment-payment-module~component-stock-master-stock-master-module-es2015.js HTTP/1.1" 304 - "http://localhost:8082/report/sales-report" "Mozilla/5.0 (Windows NT 10.0; Win64; x64) AppleWebKit/537.36 (KHTML, like Gecko) Chrome/78.0.3904.108 Safari/537.36"
::1 - - [02/Dec/2019:13:53:10 +0000] "GET /component-payment-payment-module-es2015.js HTTP/1.1" 304 - "http://localhost:8082/report/sales-report" "Mozilla/5.0 (Windows NT 10.0; Win64; x64) AppleWebKit/537.36 (KHTML, like Gecko) Chrome/78.0.3904.108 Safari/537.36"
::1 - - [02/Dec/2019:13:53:10 +0000] "GET /default~component-category-master-category-master-module~component-change-password-change-password-m~94a1ed4e-es2015.js HTTP/1.1" 304 - "http://localhost:8082/report/sales-report" "Mozilla/5.0 (Windows NT 10.0; Win64; x64) AppleWebKit/537.36 (KHTML, like Gecko) Chrome/78.0.3904.108 Safari/537.36"
::1 - - [02/Dec/2019:13:53:10 +0000] "GET /open-sans-v15-latin-regular.woff2 HTTP/1.1" 304 - "http://localhost:8082/" "Mozilla/5.0 (Windows NT 10.0; Win64; x64) AppleWebKit/537.36 (KHTML, like Gecko) Chrome/78.0.3904.108 Safari/537.36"
::1 - - [02/Dec/2019:13:53:14 +0000] "GET /common-es2015.js HTTP/1.1" 304 - "http://localhost:8082/payment" "Mozilla/5.0 (Windows NT 10.0; Win64; x64) AppleWebKit/537.36 (KHTML, like Gecko) Chrome/78.0.3904.108 Safari/537.36"
::1 - - [02/Dec/2019:13:53:14 +0000] "GET /component-dashboard-dashboard-module-es2015.js HTTP/1.1" 304 - "http://localhost:8082/payment" "Mozilla/5.0 (Windows NT 10.0; Win64; x64) AppleWebKit/537.36 (KHTML, like Gecko) Chrome/78.0.3904.108 Safari/537.36"
::1 - - [02/Dec/2019:13:53:14 +0000] "GET /default~component-change-password-change-password-module~component-company-info-company-info-module~~83b244a0-es2015.js HTTP/1.1" 304 - "http://localhost:8082/payment" "Mozilla/5.0 (Windows NT 10.0; Win64; x64) AppleWebKit/537.36 (KHTML, like Gecko) Chrome/78.0.3904.108 Safari/537.36"
::1 - - [02/Dec/2019:13:53:14 +0000] "GET /default~component-category-master-category-master-module~component-dashboard-dashboard-module~compon~f7e63588-es2015.js HTTP/1.1" 304 - "http://localhost:8082/payment" "Mozilla/5.0 (Windows NT 10.0; Win64; x64) AppleWebKit/537.36 (KHTML, like Gecko) Chrome/78.0.3904.108 Safari/537.36"
::1 - - [02/Dec/2019:13:53:15 +0000] "GET /api/sales/total-sales HTTP/1.1" 304 - "http://localhost:8082/dashboard" "Mozilla/5.0 (Windows NT 10.0; Win64; x64) AppleWebKit/537.36 (KHTML, like Gecko) Chrome/78.0.3904.108 Safari/537.36"
::1 - - [02/Dec/2019:13:53:15 +0000] "GET /api/company HTTP/1.1" 304 - "http://localhost:8082/dashboard" "Mozilla/5.0 (Windows NT 10.0; Win64; x64) AppleWebKit/537.36 (KHTML, like Gecko) Chrome/78.0.3904.108 Safari/537.36"
::1 - - [02/Dec/2019:13:53:15 +0000] "GET /api/dashboard/logged-in-users HTTP/1.1" 304 - "http://localhost:8082/dashboard" "Mozilla/5.0 (Windows NT 10.0; Win64; x64) AppleWebKit/537.36 (KHTML, like Gecko) Chrome/78.0.3904.108 Safari/537.36"
::1 - - [02/Dec/2019:13:53:15 +0000] "GET /api/pdf/test-pdf HTTP/1.1" 304 - "http://localhost:8082/dashboard" "Mozilla/5.0 (Windows NT 10.0; Win64; x64) AppleWebKit/537.36 (KHTML, like Gecko) Chrome/78.0.3904.108 Safari/537.36"
::1 - - [02/Dec/2019:13:53:15 +0000] "GET /api/customer/get-by-company/5dadb49a9460b52f10204f41 HTTP/1.1" 304 - "http://localhost:8082/dashboard" "Mozilla/5.0 (Windows NT 10.0; Win64; x64) AppleWebKit/537.36 (KHTML, like Gecko) Chrome/78.0.3904.108 Safari/537.36"
::1 - - [02/Dec/2019:13:53:15 +0000] "GET /api/dashboard/latest-stock/5dadb49a9460b52f10204f41 HTTP/1.1" 304 - "http://localhost:8082/dashboard" "Mozilla/5.0 (Windows NT 10.0; Win64; x64) AppleWebKit/537.36 (KHTML, like Gecko) Chrome/78.0.3904.108 Safari/537.36"
::1 - - [02/Dec/2019:13:53:15 +0000] "GET /api/stock/get-by-company/5dadb49a9460b52f10204f41 HTTP/1.1" 304 - "http://localhost:8082/dashboard" "Mozilla/5.0 (Windows NT 10.0; Win64; x64) AppleWebKit/537.36 (KHTML, like Gecko) Chrome/78.0.3904.108 Safari/537.36"
::1 - - [02/Dec/2019:13:53:15 +0000] "GET /api/dashboard/latest-purchase/5dadb49a9460b52f10204f41 HTTP/1.1" 304 - "http://localhost:8082/dashboard" "Mozilla/5.0 (Windows NT 10.0; Win64; x64) AppleWebKit/537.36 (KHTML, like Gecko) Chrome/78.0.3904.108 Safari/537.36"
::1 - - [02/Dec/2019:13:53:15 +0000] "GET /api/dashboard/latest-sales/5dadb49a9460b52f10204f41 HTTP/1.1" 304 - "http://localhost:8082/dashboard" "Mozilla/5.0 (Windows NT 10.0; Win64; x64) AppleWebKit/537.36 (KHTML, like Gecko) Chrome/78.0.3904.108 Safari/537.36"
::1 - - [02/Dec/2019:14:05:14 +0000] "GET /dashboard HTTP/1.1" 200 3654 "-" "Mozilla/5.0 (Windows NT 10.0; Win64; x64) AppleWebKit/537.36 (KHTML, like Gecko) Chrome/78.0.3904.108 Safari/537.36"
::1 - - [02/Dec/2019:14:05:18 +0000] "GET /styles-es2015.js HTTP/1.1" 304 - "http://localhost:8082/dashboard" "Mozilla/5.0 (Windows NT 10.0; Win64; x64) AppleWebKit/537.36 (KHTML, like Gecko) Chrome/78.0.3904.108 Safari/537.36"
::1 - - [02/Dec/2019:14:05:18 +0000] "GET /vendor-es2015.js HTTP/1.1" 304 - "http://localhost:8082/dashboard" "Mozilla/5.0 (Windows NT 10.0; Win64; x64) AppleWebKit/537.36 (KHTML, like Gecko) Chrome/78.0.3904.108 Safari/537.36"
::1 - - [02/Dec/2019:14:05:18 +0000] "GET /scripts.js HTTP/1.1" 304 - "http://localhost:8082/dashboard" "Mozilla/5.0 (Windows NT 10.0; Win64; x64) AppleWebKit/537.36 (KHTML, like Gecko) Chrome/78.0.3904.108 Safari/537.36"
::1 - - [02/Dec/2019:14:05:18 +0000] "GET /main-es2015.js HTTP/1.1" 304 - "http://localhost:8082/dashboard" "Mozilla/5.0 (Windows NT 10.0; Win64; x64) AppleWebKit/537.36 (KHTML, like Gecko) Chrome/78.0.3904.108 Safari/537.36"
::1 - - [02/Dec/2019:14:05:18 +0000] "GET /polyfills-es2015.js HTTP/1.1" 304 - "http://localhost:8082/dashboard" "Mozilla/5.0 (Windows NT 10.0; Win64; x64) AppleWebKit/537.36 (KHTML, like Gecko) Chrome/78.0.3904.108 Safari/537.36"
::1 - - [02/Dec/2019:14:05:18 +0000] "GET /runtime-es2015.js HTTP/1.1" 304 - "http://localhost:8082/dashboard" "Mozilla/5.0 (Windows NT 10.0; Win64; x64) AppleWebKit/537.36 (KHTML, like Gecko) Chrome/78.0.3904.108 Safari/537.36"
::1 - - [02/Dec/2019:14:06:02 +0000] "GET /assets/fonts/Montserrat/Montserrat-Regular.ttf HTTP/1.1" 304 - "http://localhost:8082/" "Mozilla/5.0 (Windows NT 10.0; Win64; x64) AppleWebKit/537.36 (KHTML, like Gecko) Chrome/78.0.3904.108 Safari/537.36"
::1 - - [02/Dec/2019:14:06:02 +0000] "GET /component-dashboard-dashboard-module-es2015.js HTTP/1.1" 304 - "http://localhost:8082/dashboard" "Mozilla/5.0 (Windows NT 10.0; Win64; x64) AppleWebKit/537.36 (KHTML, like Gecko) Chrome/78.0.3904.108 Safari/537.36"
::1 - - [02/Dec/2019:14:06:02 +0000] "GET /default~component-change-password-change-password-module~component-company-info-company-info-module~~eaeec811-es2015.js HTTP/1.1" 304 - "http://localhost:8082/dashboard" "Mozilla/5.0 (Windows NT 10.0; Win64; x64) AppleWebKit/537.36 (KHTML, like Gecko) Chrome/78.0.3904.108 Safari/537.36"
::1 - - [02/Dec/2019:14:06:02 +0000] "GET /default~component-category-master-category-master-module~component-change-password-change-password-m~94a1ed4e-es2015.js HTTP/1.1" 304 - "http://localhost:8082/dashboard" "Mozilla/5.0 (Windows NT 10.0; Win64; x64) AppleWebKit/537.36 (KHTML, like Gecko) Chrome/78.0.3904.108 Safari/537.36"
::1 - - [02/Dec/2019:14:06:02 +0000] "GET /default~component-category-master-category-master-module~component-dashboard-dashboard-module~compon~f7e63588-es2015.js HTTP/1.1" 304 - "http://localhost:8082/dashboard" "Mozilla/5.0 (Windows NT 10.0; Win64; x64) AppleWebKit/537.36 (KHTML, like Gecko) Chrome/78.0.3904.108 Safari/537.36"
::1 - - [02/Dec/2019:14:06:02 +0000] "GET /common-es2015.js HTTP/1.1" 304 - "http://localhost:8082/dashboard" "Mozilla/5.0 (Windows NT 10.0; Win64; x64) AppleWebKit/537.36 (KHTML, like Gecko) Chrome/78.0.3904.108 Safari/537.36"
::1 - - [02/Dec/2019:14:06:02 +0000] "GET /default~component-change-password-change-password-module~component-company-info-company-info-module~~83b244a0-es2015.js HTTP/1.1" 304 - "http://localhost:8082/dashboard" "Mozilla/5.0 (Windows NT 10.0; Win64; x64) AppleWebKit/537.36 (KHTML, like Gecko) Chrome/78.0.3904.108 Safari/537.36"
::1 - - [02/Dec/2019:14:06:07 +0000] "GET /api/sales/total-sales HTTP/1.1" 304 - "http://localhost:8082/dashboard" "Mozilla/5.0 (Windows NT 10.0; Win64; x64) AppleWebKit/537.36 (KHTML, like Gecko) Chrome/78.0.3904.108 Safari/537.36"
::1 - - [02/Dec/2019:14:06:08 +0000] "GET /api/company HTTP/1.1" 304 - "http://localhost:8082/dashboard" "Mozilla/5.0 (Windows NT 10.0; Win64; x64) AppleWebKit/537.36 (KHTML, like Gecko) Chrome/78.0.3904.108 Safari/537.36"
::1 - - [02/Dec/2019:14:06:08 +0000] "GET /api/dashboard/logged-in-users HTTP/1.1" 304 - "http://localhost:8082/dashboard" "Mozilla/5.0 (Windows NT 10.0; Win64; x64) AppleWebKit/537.36 (KHTML, like Gecko) Chrome/78.0.3904.108 Safari/537.36"
::1 - - [02/Dec/2019:14:06:08 +0000] "GET /api/customer/get-by-company/5dadb49a9460b52f10204f41 HTTP/1.1" 304 - "http://localhost:8082/dashboard" "Mozilla/5.0 (Windows NT 10.0; Win64; x64) AppleWebKit/537.36 (KHTML, like Gecko) Chrome/78.0.3904.108 Safari/537.36"
::1 - - [02/Dec/2019:14:06:08 +0000] "GET /api/stock/get-by-company/5dadb49a9460b52f10204f41 HTTP/1.1" 304 - "http://localhost:8082/dashboard" "Mozilla/5.0 (Windows NT 10.0; Win64; x64) AppleWebKit/537.36 (KHTML, like Gecko) Chrome/78.0.3904.108 Safari/537.36"
::1 - - [02/Dec/2019:14:06:08 +0000] "GET /api/dashboard/latest-stock/5dadb49a9460b52f10204f41 HTTP/1.1" 304 - "http://localhost:8082/dashboard" "Mozilla/5.0 (Windows NT 10.0; Win64; x64) AppleWebKit/537.36 (KHTML, like Gecko) Chrome/78.0.3904.108 Safari/537.36"
::1 - - [02/Dec/2019:14:06:08 +0000] "GET /primeicons.ttf HTTP/1.1" 304 - "http://localhost:8082/" "Mozilla/5.0 (Windows NT 10.0; Win64; x64) AppleWebKit/537.36 (KHTML, like Gecko) Chrome/78.0.3904.108 Safari/537.36"
::1 - - [02/Dec/2019:14:06:08 +0000] "GET /assets/uploads/1ff378a1b901b5eae043ebba354869811574952066723.png HTTP/1.1" 304 - "http://localhost:8082/dashboard" "Mozilla/5.0 (Windows NT 10.0; Win64; x64) AppleWebKit/537.36 (KHTML, like Gecko) Chrome/78.0.3904.108 Safari/537.36"
::1 - - [02/Dec/2019:14:06:08 +0000] "GET /assets/uploads/613e2846e6a66b3fc9bf832c056b4be61573728718842.png HTTP/1.1" 304 - "http://localhost:8082/dashboard" "Mozilla/5.0 (Windows NT 10.0; Win64; x64) AppleWebKit/537.36 (KHTML, like Gecko) Chrome/78.0.3904.108 Safari/537.36"
::1 - - [02/Dec/2019:14:06:08 +0000] "GET /api/pdf/test-pdf HTTP/1.1" 304 - "http://localhost:8082/dashboard" "Mozilla/5.0 (Windows NT 10.0; Win64; x64) AppleWebKit/537.36 (KHTML, like Gecko) Chrome/78.0.3904.108 Safari/537.36"
::1 - - [02/Dec/2019:14:06:08 +0000] "GET /api/dashboard/latest-sales/5dadb49a9460b52f10204f41 HTTP/1.1" 304 - "http://localhost:8082/dashboard" "Mozilla/5.0 (Windows NT 10.0; Win64; x64) AppleWebKit/537.36 (KHTML, like Gecko) Chrome/78.0.3904.108 Safari/537.36"
::1 - - [02/Dec/2019:14:06:08 +0000] "GET /api/dashboard/latest-purchase/5dadb49a9460b52f10204f41 HTTP/1.1" 304 - "http://localhost:8082/dashboard" "Mozilla/5.0 (Windows NT 10.0; Win64; x64) AppleWebKit/537.36 (KHTML, like Gecko) Chrome/78.0.3904.108 Safari/537.36"
::1 - - [02/Dec/2019:14:06:09 +0000] "GET /favicon1.ico HTTP/1.1" 200 20502 "http://localhost:8082/dashboard" "Mozilla/5.0 (Windows NT 10.0; Win64; x64) AppleWebKit/537.36 (KHTML, like Gecko) Chrome/78.0.3904.108 Safari/537.36"
::1 - - [03/Dec/2019:04:37:47 +0000] "GET /dashboard HTTP/1.1" 200 3654 "-" "Mozilla/5.0 (Windows NT 10.0; Win64; x64) AppleWebKit/537.36 (KHTML, like Gecko) Chrome/78.0.3904.108 Safari/537.36"
::1 - - [03/Dec/2019:04:37:47 +0000] "GET /styles-es2015.js HTTP/1.1" 304 - "http://localhost:8082/dashboard" "Mozilla/5.0 (Windows NT 10.0; Win64; x64) AppleWebKit/537.36 (KHTML, like Gecko) Chrome/78.0.3904.108 Safari/537.36"
::1 - - [03/Dec/2019:04:37:47 +0000] "GET /vendor-es2015.js HTTP/1.1" 304 - "http://localhost:8082/dashboard" "Mozilla/5.0 (Windows NT 10.0; Win64; x64) AppleWebKit/537.36 (KHTML, like Gecko) Chrome/78.0.3904.108 Safari/537.36"
::1 - - [03/Dec/2019:04:37:47 +0000] "GET /main-es2015.js HTTP/1.1" 304 - "http://localhost:8082/dashboard" "Mozilla/5.0 (Windows NT 10.0; Win64; x64) AppleWebKit/537.36 (KHTML, like Gecko) Chrome/78.0.3904.108 Safari/537.36"
::1 - - [03/Dec/2019:04:37:47 +0000] "GET /scripts.js HTTP/1.1" 304 - "http://localhost:8082/dashboard" "Mozilla/5.0 (Windows NT 10.0; Win64; x64) AppleWebKit/537.36 (KHTML, like Gecko) Chrome/78.0.3904.108 Safari/537.36"
::1 - - [03/Dec/2019:04:37:47 +0000] "GET /polyfills-es2015.js HTTP/1.1" 304 - "http://localhost:8082/dashboard" "Mozilla/5.0 (Windows NT 10.0; Win64; x64) AppleWebKit/537.36 (KHTML, like Gecko) Chrome/78.0.3904.108 Safari/537.36"
::1 - - [03/Dec/2019:04:37:47 +0000] "GET /runtime-es2015.js HTTP/1.1" 304 - "http://localhost:8082/dashboard" "Mozilla/5.0 (Windows NT 10.0; Win64; x64) AppleWebKit/537.36 (KHTML, like Gecko) Chrome/78.0.3904.108 Safari/537.36"
::1 - - [03/Dec/2019:04:37:48 +0000] "GET /assets/fonts/Montserrat/Montserrat-Regular.ttf HTTP/1.1" 304 - "http://localhost:8082/" "Mozilla/5.0 (Windows NT 10.0; Win64; x64) AppleWebKit/537.36 (KHTML, like Gecko) Chrome/78.0.3904.108 Safari/537.36"
::1 - - [03/Dec/2019:04:37:50 +0000] "GET /default~component-category-master-category-master-module~component-change-password-change-password-m~94a1ed4e-es2015.js HTTP/1.1" 304 - "http://localhost:8082/dashboard" "Mozilla/5.0 (Windows NT 10.0; Win64; x64) AppleWebKit/537.36 (KHTML, like Gecko) Chrome/78.0.3904.108 Safari/537.36"
::1 - - [03/Dec/2019:04:37:50 +0000] "GET /default~component-change-password-change-password-module~component-company-info-company-info-module~~eaeec811-es2015.js HTTP/1.1" 304 - "http://localhost:8082/dashboard" "Mozilla/5.0 (Windows NT 10.0; Win64; x64) AppleWebKit/537.36 (KHTML, like Gecko) Chrome/78.0.3904.108 Safari/537.36"
::1 - - [03/Dec/2019:04:37:50 +0000] "GET /default~component-change-password-change-password-module~component-company-info-company-info-module~~83b244a0-es2015.js HTTP/1.1" 304 - "http://localhost:8082/dashboard" "Mozilla/5.0 (Windows NT 10.0; Win64; x64) AppleWebKit/537.36 (KHTML, like Gecko) Chrome/78.0.3904.108 Safari/537.36"
::1 - - [03/Dec/2019:04:37:50 +0000] "GET /default~component-category-master-category-master-module~component-dashboard-dashboard-module~compon~f7e63588-es2015.js HTTP/1.1" 304 - "http://localhost:8082/dashboard" "Mozilla/5.0 (Windows NT 10.0; Win64; x64) AppleWebKit/537.36 (KHTML, like Gecko) Chrome/78.0.3904.108 Safari/537.36"
::1 - - [03/Dec/2019:04:37:50 +0000] "GET /common-es2015.js HTTP/1.1" 304 - "http://localhost:8082/dashboard" "Mozilla/5.0 (Windows NT 10.0; Win64; x64) AppleWebKit/537.36 (KHTML, like Gecko) Chrome/78.0.3904.108 Safari/537.36"
::1 - - [03/Dec/2019:04:37:50 +0000] "GET /component-dashboard-dashboard-module-es2015.js HTTP/1.1" 304 - "http://localhost:8082/dashboard" "Mozilla/5.0 (Windows NT 10.0; Win64; x64) AppleWebKit/537.36 (KHTML, like Gecko) Chrome/78.0.3904.108 Safari/537.36"
::1 - - [03/Dec/2019:04:37:51 +0000] "GET /api/sales/total-sales HTTP/1.1" 304 - "http://localhost:8082/dashboard" "Mozilla/5.0 (Windows NT 10.0; Win64; x64) AppleWebKit/537.36 (KHTML, like Gecko) Chrome/78.0.3904.108 Safari/537.36"
::1 - - [03/Dec/2019:04:37:51 +0000] "GET /api/company HTTP/1.1" 304 - "http://localhost:8082/dashboard" "Mozilla/5.0 (Windows NT 10.0; Win64; x64) AppleWebKit/537.36 (KHTML, like Gecko) Chrome/78.0.3904.108 Safari/537.36"
::1 - - [03/Dec/2019:04:37:51 +0000] "GET /primeicons.ttf HTTP/1.1" 304 - "http://localhost:8082/" "Mozilla/5.0 (Windows NT 10.0; Win64; x64) AppleWebKit/537.36 (KHTML, like Gecko) Chrome/78.0.3904.108 Safari/537.36"
::1 - - [03/Dec/2019:04:37:52 +0000] "GET /api/customer/get-by-company/5dadb49a9460b52f10204f41 HTTP/1.1" 304 - "http://localhost:8082/dashboard" "Mozilla/5.0 (Windows NT 10.0; Win64; x64) AppleWebKit/537.36 (KHTML, like Gecko) Chrome/78.0.3904.108 Safari/537.36"
::1 - - [03/Dec/2019:04:37:52 +0000] "GET /api/pdf/test-pdf HTTP/1.1" 304 - "http://localhost:8082/dashboard" "Mozilla/5.0 (Windows NT 10.0; Win64; x64) AppleWebKit/537.36 (KHTML, like Gecko) Chrome/78.0.3904.108 Safari/537.36"
::1 - - [03/Dec/2019:04:37:52 +0000] "GET /assets/uploads/613e2846e6a66b3fc9bf832c056b4be61573728718842.png HTTP/1.1" 304 - "http://localhost:8082/dashboard" "Mozilla/5.0 (Windows NT 10.0; Win64; x64) AppleWebKit/537.36 (KHTML, like Gecko) Chrome/78.0.3904.108 Safari/537.36"
::1 - - [03/Dec/2019:04:37:52 +0000] "GET /dashboard HTTP/1.1" 304 - "-" "Mozilla/5.0 (Windows NT 10.0; Win64; x64) AppleWebKit/537.36 (KHTML, like Gecko) Chrome/78.0.3904.108 Safari/537.36"
::1 - - [03/Dec/2019:04:37:52 +0000] "GET /api/dashboard/logged-in-users HTTP/1.1" - - "http://localhost:8082/dashboard" "Mozilla/5.0 (Windows NT 10.0; Win64; x64) AppleWebKit/537.36 (KHTML, like Gecko) Chrome/78.0.3904.108 Safari/537.36"
::1 - - [03/Dec/2019:04:37:52 +0000] "GET /assets/uploads/1ff378a1b901b5eae043ebba354869811574952066723.png HTTP/1.1" 304 - "http://localhost:8082/dashboard" "Mozilla/5.0 (Windows NT 10.0; Win64; x64) AppleWebKit/537.36 (KHTML, like Gecko) Chrome/78.0.3904.108 Safari/537.36"
::1 - - [03/Dec/2019:04:37:52 +0000] "GET /api/dashboard/latest-sales/5dadb49a9460b52f10204f41 HTTP/1.1" - - "http://localhost:8082/dashboard" "Mozilla/5.0 (Windows NT 10.0; Win64; x64) AppleWebKit/537.36 (KHTML, like Gecko) Chrome/78.0.3904.108 Safari/537.36"
::1 - - [03/Dec/2019:04:37:52 +0000] "GET /api/stock/get-by-company/5dadb49a9460b52f10204f41 HTTP/1.1" - - "http://localhost:8082/dashboard" "Mozilla/5.0 (Windows NT 10.0; Win64; x64) AppleWebKit/537.36 (KHTML, like Gecko) Chrome/78.0.3904.108 Safari/537.36"
::1 - - [03/Dec/2019:04:37:52 +0000] "GET /api/dashboard/latest-purchase/5dadb49a9460b52f10204f41 HTTP/1.1" - - "http://localhost:8082/dashboard" "Mozilla/5.0 (Windows NT 10.0; Win64; x64) AppleWebKit/537.36 (KHTML, like Gecko) Chrome/78.0.3904.108 Safari/537.36"
::1 - - [03/Dec/2019:04:37:52 +0000] "GET /api/dashboard/latest-stock/5dadb49a9460b52f10204f41 HTTP/1.1" - - "http://localhost:8082/dashboard" "Mozilla/5.0 (Windows NT 10.0; Win64; x64) AppleWebKit/537.36 (KHTML, like Gecko) Chrome/78.0.3904.108 Safari/537.36"
::1 - - [03/Dec/2019:04:37:53 +0000] "GET /polyfills-es2015.js HTTP/1.1" 304 - "http://localhost:8082/dashboard" "Mozilla/5.0 (Windows NT 10.0; Win64; x64) AppleWebKit/537.36 (KHTML, like Gecko) Chrome/78.0.3904.108 Safari/537.36"
::1 - - [03/Dec/2019:04:37:53 +0000] "GET /styles-es2015.js HTTP/1.1" 304 - "http://localhost:8082/dashboard" "Mozilla/5.0 (Windows NT 10.0; Win64; x64) AppleWebKit/537.36 (KHTML, like Gecko) Chrome/78.0.3904.108 Safari/537.36"
::1 - - [03/Dec/2019:04:37:53 +0000] "GET /runtime-es2015.js HTTP/1.1" 304 - "http://localhost:8082/dashboard" "Mozilla/5.0 (Windows NT 10.0; Win64; x64) AppleWebKit/537.36 (KHTML, like Gecko) Chrome/78.0.3904.108 Safari/537.36"
::1 - - [03/Dec/2019:04:37:53 +0000] "GET /vendor-es2015.js HTTP/1.1" 304 - "http://localhost:8082/dashboard" "Mozilla/5.0 (Windows NT 10.0; Win64; x64) AppleWebKit/537.36 (KHTML, like Gecko) Chrome/78.0.3904.108 Safari/537.36"
::1 - - [03/Dec/2019:04:37:53 +0000] "GET /main-es2015.js HTTP/1.1" 304 - "http://localhost:8082/dashboard" "Mozilla/5.0 (Windows NT 10.0; Win64; x64) AppleWebKit/537.36 (KHTML, like Gecko) Chrome/78.0.3904.108 Safari/537.36"
::1 - - [03/Dec/2019:04:37:53 +0000] "GET /scripts.js HTTP/1.1" 304 - "http://localhost:8082/dashboard" "Mozilla/5.0 (Windows NT 10.0; Win64; x64) AppleWebKit/537.36 (KHTML, like Gecko) Chrome/78.0.3904.108 Safari/537.36"
::1 - - [03/Dec/2019:04:37:53 +0000] "GET /assets/fonts/Montserrat/Montserrat-Regular.ttf HTTP/1.1" 304 - "http://localhost:8082/" "Mozilla/5.0 (Windows NT 10.0; Win64; x64) AppleWebKit/537.36 (KHTML, like Gecko) Chrome/78.0.3904.108 Safari/537.36"
::1 - - [03/Dec/2019:04:37:53 +0000] "GET /default~component-category-master-category-master-module~component-change-password-change-password-m~94a1ed4e-es2015.js HTTP/1.1" 304 - "http://localhost:8082/dashboard" "Mozilla/5.0 (Windows NT 10.0; Win64; x64) AppleWebKit/537.36 (KHTML, like Gecko) Chrome/78.0.3904.108 Safari/537.36"
::1 - - [03/Dec/2019:04:37:53 +0000] "GET /default~component-change-password-change-password-module~component-company-info-company-info-module~~eaeec811-es2015.js HTTP/1.1" 304 - "http://localhost:8082/dashboard" "Mozilla/5.0 (Windows NT 10.0; Win64; x64) AppleWebKit/537.36 (KHTML, like Gecko) Chrome/78.0.3904.108 Safari/537.36"
::1 - - [03/Dec/2019:04:37:53 +0000] "GET /default~component-change-password-change-password-module~component-company-info-company-info-module~~83b244a0-es2015.js HTTP/1.1" 304 - "http://localhost:8082/dashboard" "Mozilla/5.0 (Windows NT 10.0; Win64; x64) AppleWebKit/537.36 (KHTML, like Gecko) Chrome/78.0.3904.108 Safari/537.36"
::1 - - [03/Dec/2019:04:37:53 +0000] "GET /default~component-category-master-category-master-module~component-dashboard-dashboard-module~compon~f7e63588-es2015.js HTTP/1.1" 304 - "http://localhost:8082/dashboard" "Mozilla/5.0 (Windows NT 10.0; Win64; x64) AppleWebKit/537.36 (KHTML, like Gecko) Chrome/78.0.3904.108 Safari/537.36"
::1 - - [03/Dec/2019:04:37:53 +0000] "GET /common-es2015.js HTTP/1.1" 304 - "http://localhost:8082/dashboard" "Mozilla/5.0 (Windows NT 10.0; Win64; x64) AppleWebKit/537.36 (KHTML, like Gecko) Chrome/78.0.3904.108 Safari/537.36"
::1 - - [03/Dec/2019:04:37:53 +0000] "GET /component-dashboard-dashboard-module-es2015.js HTTP/1.1" 304 - "http://localhost:8082/dashboard" "Mozilla/5.0 (Windows NT 10.0; Win64; x64) AppleWebKit/537.36 (KHTML, like Gecko) Chrome/78.0.3904.108 Safari/537.36"
::1 - - [03/Dec/2019:04:37:54 +0000] "GET /api/sales/total-sales HTTP/1.1" 304 - "http://localhost:8082/dashboard" "Mozilla/5.0 (Windows NT 10.0; Win64; x64) AppleWebKit/537.36 (KHTML, like Gecko) Chrome/78.0.3904.108 Safari/537.36"
::1 - - [03/Dec/2019:04:37:54 +0000] "GET /primeicons.ttf HTTP/1.1" 304 - "http://localhost:8082/" "Mozilla/5.0 (Windows NT 10.0; Win64; x64) AppleWebKit/537.36 (KHTML, like Gecko) Chrome/78.0.3904.108 Safari/537.36"
::1 - - [03/Dec/2019:04:37:54 +0000] "GET /api/company HTTP/1.1" 304 - "http://localhost:8082/dashboard" "Mozilla/5.0 (Windows NT 10.0; Win64; x64) AppleWebKit/537.36 (KHTML, like Gecko) Chrome/78.0.3904.108 Safari/537.36"
::1 - - [03/Dec/2019:04:37:54 +0000] "GET /api/dashboard/logged-in-users HTTP/1.1" 200 1430 "http://localhost:8082/dashboard" "Mozilla/5.0 (Windows NT 10.0; Win64; x64) AppleWebKit/537.36 (KHTML, like Gecko) Chrome/78.0.3904.108 Safari/537.36"
::1 - - [03/Dec/2019:04:37:54 +0000] "GET /api/dashboard/latest-stock/5dadb49a9460b52f10204f41 HTTP/1.1" 200 3120 "http://localhost:8082/dashboard" "Mozilla/5.0 (Windows NT 10.0; Win64; x64) AppleWebKit/537.36 (KHTML, like Gecko) Chrome/78.0.3904.108 Safari/537.36"
::1 - - [03/Dec/2019:04:37:54 +0000] "GET /api/customer/get-by-company/5dadb49a9460b52f10204f41 HTTP/1.1" 304 - "http://localhost:8082/dashboard" "Mozilla/5.0 (Windows NT 10.0; Win64; x64) AppleWebKit/537.36 (KHTML, like Gecko) Chrome/78.0.3904.108 Safari/537.36"
::1 - - [03/Dec/2019:04:37:54 +0000] "GET /api/stock/get-by-company/5dadb49a9460b52f10204f41 HTTP/1.1" 200 4497 "http://localhost:8082/dashboard" "Mozilla/5.0 (Windows NT 10.0; Win64; x64) AppleWebKit/537.36 (KHTML, like Gecko) Chrome/78.0.3904.108 Safari/537.36"
::1 - - [03/Dec/2019:04:37:54 +0000] "GET /assets/uploads/613e2846e6a66b3fc9bf832c056b4be61573728718842.png HTTP/1.1" 304 - "http://localhost:8082/dashboard" "Mozilla/5.0 (Windows NT 10.0; Win64; x64) AppleWebKit/537.36 (KHTML, like Gecko) Chrome/78.0.3904.108 Safari/537.36"
::1 - - [03/Dec/2019:04:37:54 +0000] "GET /api/pdf/test-pdf HTTP/1.1" 304 - "http://localhost:8082/dashboard" "Mozilla/5.0 (Windows NT 10.0; Win64; x64) AppleWebKit/537.36 (KHTML, like Gecko) Chrome/78.0.3904.108 Safari/537.36"
::1 - - [03/Dec/2019:04:37:54 +0000] "GET /api/dashboard/latest-sales/5dadb49a9460b52f10204f41 HTTP/1.1" 200 9243 "http://localhost:8082/dashboard" "Mozilla/5.0 (Windows NT 10.0; Win64; x64) AppleWebKit/537.36 (KHTML, like Gecko) Chrome/78.0.3904.108 Safari/537.36"
::1 - - [03/Dec/2019:04:37:54 +0000] "GET /api/dashboard/latest-purchase/5dadb49a9460b52f10204f41 HTTP/1.1" 200 4222 "http://localhost:8082/dashboard" "Mozilla/5.0 (Windows NT 10.0; Win64; x64) AppleWebKit/537.36 (KHTML, like Gecko) Chrome/78.0.3904.108 Safari/537.36"
::1 - - [03/Dec/2019:04:37:54 +0000] "GET /assets/uploads/1ff378a1b901b5eae043ebba354869811574952066723.png HTTP/1.1" 200 51381 "http://localhost:8082/dashboard" "Mozilla/5.0 (Windows NT 10.0; Win64; x64) AppleWebKit/537.36 (KHTML, like Gecko) Chrome/78.0.3904.108 Safari/537.36"
::1 - - [03/Dec/2019:05:28:00 +0000] "GET /assets/uploads/1ff378a1b901b5eae043ebba354869811574952066723.png HTTP/1.1" 200 51381 "http://localhost:8082/dashboard" "Mozilla/5.0 (Windows NT 10.0; Win64; x64) AppleWebKit/537.36 (KHTML, like Gecko) Chrome/78.0.3904.108 Safari/537.36"
::1 - - [03/Dec/2019:05:28:02 +0000] "GET /api/dashboard/logged-in-users HTTP/1.1" 200 1430 "http://localhost:8082/dashboard" "Mozilla/5.0 (Windows NT 10.0; Win64; x64) AppleWebKit/537.36 (KHTML, like Gecko) Chrome/78.0.3904.108 Safari/537.36"
::1 - - [03/Dec/2019:05:28:02 +0000] "GET /api/stock/get-by-company/5dadb49a9460b52f10204f41 HTTP/1.1" 200 4497 "http://localhost:8082/dashboard" "Mozilla/5.0 (Windows NT 10.0; Win64; x64) AppleWebKit/537.36 (KHTML, like Gecko) Chrome/78.0.3904.108 Safari/537.36"
::1 - - [03/Dec/2019:05:28:02 +0000] "GET /api/dashboard/latest-stock/5dadb49a9460b52f10204f41 HTTP/1.1" 200 3120 "http://localhost:8082/dashboard" "Mozilla/5.0 (Windows NT 10.0; Win64; x64) AppleWebKit/537.36 (KHTML, like Gecko) Chrome/78.0.3904.108 Safari/537.36"
::1 - - [03/Dec/2019:05:28:03 +0000] "GET /api/dashboard/latest-purchase/5dadb49a9460b52f10204f41 HTTP/1.1" 200 4222 "http://localhost:8082/dashboard" "Mozilla/5.0 (Windows NT 10.0; Win64; x64) AppleWebKit/537.36 (KHTML, like Gecko) Chrome/78.0.3904.108 Safari/537.36"
::1 - - [03/Dec/2019:05:28:03 +0000] "GET /api/dashboard/latest-sales/5dadb49a9460b52f10204f41 HTTP/1.1" 200 9243 "http://localhost:8082/dashboard" "Mozilla/5.0 (Windows NT 10.0; Win64; x64) AppleWebKit/537.36 (KHTML, like Gecko) Chrome/78.0.3904.108 Safari/537.36"
